<?xml version="1.0" encoding="UTF-8"?>
<testsuites name="Mocha Tests" time="25.3400" tests="4" failures="0">
  <testsuite name="Root Suite" timestamp="2021-02-18T01:02:40" tests="0" time="0.0000" failures="0">
  </testsuite>
  <testsuite name="Home Page Test Cases" timestamp="2021-02-18T01:02:40" tests="2" file="/home/vsts/work/1/s/test/home.test.js" time="25.3400" failures="0">
    <testcase name="Home Page Test Cases TC-001 - Check website title" time="16.2060" classname="TC-001 - Check website title">
    </testcase>
    <testcase name="Home Page Test Cases TC-002 - Check notification message" time="9.1340" classname="TC-002 - Check notification message">
    </testcase>
  </testsuite>
  <testsuite name="News Page Test Cases" timestamp="2021-02-18T01:03:05" tests="2" file="/home/vsts/work/1/s/test/news.test.js" time="0.0000" failures="0">
    <testcase name="News Page Test Cases TC-001 - Check webpage title" time="0.0000" classname="TC-001 - Check webpage title">
    </testcase>
    <testcase name="News Page Test Cases TC-002 - Check notification message" time="0.0000" classname="TC-002 - Check notification message">
    </testcase>
  </testsuite>
</testsuites>